<?xml version="1.0" encoding="UTF-8"?>
<!-- Generated by org.testng.reporters.JUnitReportReporter -->
<testsuite skipped="1" hostname="DESKTOP-HBPR9D6" name="com.test.SelfAndLive" tests="1" failures="0" timestamp="2 Jul 2020 03:07:36 GMT" time="0.000" errors="0">
  <testcase name="validateTopSelfPacedAndLiveCoursesTest" time="0.000" classname="com.test.SelfAndLive">
    <skipped/>
  </testcase> <!-- validateTopSelfPacedAndLiveCoursesTest -->
</testsuite> <!-- com.test.SelfAndLive -->
